path mismatch [2 links]: ino 10320119 db '/dev/shm/sem.mp17534-0' req '/dev/shm/sem.rsLacy'.
path mismatch [2 links]: ino 10481879 db '/dev/shm/sem.mp8071-0' req '/dev/shm/sem.pP4J5d'.
path mismatch [2 links]: ino 10481393 db '/dev/shm/sem.mp8071-1' req '/dev/shm/sem.skbFGQ'.
path mismatch [2 links]: ino 10481395 db '/dev/shm/sem.mp8071-2' req '/dev/shm/sem.Hx5Iht'.
path mismatch [2 links]: ino 10481397 db '/dev/shm/sem.mp8071-3' req '/dev/shm/sem.yeyRS5'.
path mismatch [2 links]: ino 10481398 db '/dev/shm/sem.mp8071-4' req '/dev/shm/sem.PSd2tI'.
path mismatch [2 links]: ino 10950212 db '/dev/shm/sem.mp25440-0' req '/dev/shm/sem.O5WBYS'.
path mismatch [2 links]: ino 18136064 db '/home/hernan/yocto_EA/ucom-4.1.15/build/tmp/work/imx7dea_ucom-poky-linux-gnueabi/u-boot-imx/2015.04-r0/pkgdata/u-boot-imx' req '/home/hernan/yocto_EA/ucom-4.1.15/build/tmp/sysroots/imx7dea-ucom/pkgdata/u-boot-imx'.
path mismatch [2 links]: ino 18136065 db '/home/hernan/yocto_EA/ucom-4.1.15/build/tmp/work/imx7dea_ucom-poky-linux-gnueabi/u-boot-imx/2015.04-r0/pkgdata/runtime/u-boot-imx-dbg' req '/home/hernan/yocto_EA/ucom-4.1.15/build/tmp/sysroots/imx7dea-ucom/pkgdata/runtime/u-boot-imx-dbg'.
path mismatch [2 links]: ino 18136068 db '/home/hernan/yocto_EA/ucom-4.1.15/build/tmp/work/imx7dea_ucom-poky-linux-gnueabi/u-boot-imx/2015.04-r0/pkgdata/runtime/u-boot-imx-staticdev' req '/home/hernan/yocto_EA/ucom-4.1.15/build/tmp/sysroots/imx7dea-ucom/pkgdata/runtime/u-boot-imx-staticdev'.
path mismatch [2 links]: ino 18136069 db '/home/hernan/yocto_EA/ucom-4.1.15/build/tmp/work/imx7dea_ucom-poky-linux-gnueabi/u-boot-imx/2015.04-r0/pkgdata/runtime/u-boot-imx-dev' req '/home/hernan/yocto_EA/ucom-4.1.15/build/tmp/sysroots/imx7dea-ucom/pkgdata/runtime/u-boot-imx-dev'.
path mismatch [2 links]: ino 18136072 db '/home/hernan/yocto_EA/ucom-4.1.15/build/tmp/work/imx7dea_ucom-poky-linux-gnueabi/u-boot-imx/2015.04-r0/pkgdata/runtime/u-boot-imx-doc' req '/home/hernan/yocto_EA/ucom-4.1.15/build/tmp/sysroots/imx7dea-ucom/pkgdata/runtime/u-boot-imx-doc'.
path mismatch [2 links]: ino 18136073 db '/home/hernan/yocto_EA/ucom-4.1.15/build/tmp/work/imx7dea_ucom-poky-linux-gnueabi/u-boot-imx/2015.04-r0/pkgdata/runtime/u-boot-imx-locale' req '/home/hernan/yocto_EA/ucom-4.1.15/build/tmp/sysroots/imx7dea-ucom/pkgdata/runtime/u-boot-imx-locale'.
path mismatch [2 links]: ino 18136074 db '/home/hernan/yocto_EA/ucom-4.1.15/build/tmp/work/imx7dea_ucom-poky-linux-gnueabi/u-boot-imx/2015.04-r0/pkgdata/runtime/u-boot-imx' req '/home/hernan/yocto_EA/ucom-4.1.15/build/tmp/sysroots/imx7dea-ucom/pkgdata/runtime/u-boot-imx'.
path mismatch [2 links]: ino 18136069 db '/home/hernan/yocto_EA/ucom-4.1.15/build/tmp/work/imx7dea_ucom-poky-linux-gnueabi/u-boot-imx/2015.04-r0/pkgdata/runtime/u-boot-imx-dev' req '/home/hernan/yocto_EA/ucom-4.1.15/build/tmp/sysroots/imx7dea-ucom/pkgdata/runtime/u-boot-imx-dev'.
path mismatch [2 links]: ino 18136069 db '/home/hernan/yocto_EA/ucom-4.1.15/build/tmp/work/imx7dea_ucom-poky-linux-gnueabi/u-boot-imx/2015.04-r0/pkgdata/runtime/u-boot-imx-dev' req '/home/hernan/yocto_EA/ucom-4.1.15/build/tmp/sysroots/imx7dea-ucom/pkgdata/runtime/u-boot-imx-dev'.
path mismatch [2 links]: ino 18136074 db '/home/hernan/yocto_EA/ucom-4.1.15/build/tmp/work/imx7dea_ucom-poky-linux-gnueabi/u-boot-imx/2015.04-r0/pkgdata/runtime/u-boot-imx' req '/home/hernan/yocto_EA/ucom-4.1.15/build/tmp/sysroots/imx7dea-ucom/pkgdata/runtime/u-boot-imx'.
path mismatch [2 links]: ino 18136074 db '/home/hernan/yocto_EA/ucom-4.1.15/build/tmp/work/imx7dea_ucom-poky-linux-gnueabi/u-boot-imx/2015.04-r0/pkgdata/runtime/u-boot-imx' req '/home/hernan/yocto_EA/ucom-4.1.15/build/tmp/sysroots/imx7dea-ucom/pkgdata/runtime/u-boot-imx'.
path mismatch [2 links]: ino 11321380 db '/dev/shm/sem.mp17248-0' req '/dev/shm/sem.9SJvHG'.
path mismatch [2 links]: ino 18136064 db '/home/hernan/yocto_EA/ucom-4.1.15/build/tmp/work/imx7dea_ucom-poky-linux-gnueabi/u-boot-imx/2015.04-r0/pkgdata/u-boot-imx' req '/home/hernan/yocto_EA/ucom-4.1.15/build/tmp/sysroots/imx7dea-ucom/pkgdata/u-boot-imx'.
path mismatch [2 links]: ino 18136065 db '/home/hernan/yocto_EA/ucom-4.1.15/build/tmp/work/imx7dea_ucom-poky-linux-gnueabi/u-boot-imx/2015.04-r0/pkgdata/runtime/u-boot-imx-dbg' req '/home/hernan/yocto_EA/ucom-4.1.15/build/tmp/sysroots/imx7dea-ucom/pkgdata/runtime/u-boot-imx-dbg'.
path mismatch [2 links]: ino 18136068 db '/home/hernan/yocto_EA/ucom-4.1.15/build/tmp/work/imx7dea_ucom-poky-linux-gnueabi/u-boot-imx/2015.04-r0/pkgdata/runtime/u-boot-imx-staticdev' req '/home/hernan/yocto_EA/ucom-4.1.15/build/tmp/sysroots/imx7dea-ucom/pkgdata/runtime/u-boot-imx-staticdev'.
path mismatch [2 links]: ino 18136069 db '/home/hernan/yocto_EA/ucom-4.1.15/build/tmp/work/imx7dea_ucom-poky-linux-gnueabi/u-boot-imx/2015.04-r0/pkgdata/runtime/u-boot-imx-dev' req '/home/hernan/yocto_EA/ucom-4.1.15/build/tmp/sysroots/imx7dea-ucom/pkgdata/runtime/u-boot-imx-dev'.
path mismatch [2 links]: ino 18136072 db '/home/hernan/yocto_EA/ucom-4.1.15/build/tmp/work/imx7dea_ucom-poky-linux-gnueabi/u-boot-imx/2015.04-r0/pkgdata/runtime/u-boot-imx-doc' req '/home/hernan/yocto_EA/ucom-4.1.15/build/tmp/sysroots/imx7dea-ucom/pkgdata/runtime/u-boot-imx-doc'.
path mismatch [2 links]: ino 18136073 db '/home/hernan/yocto_EA/ucom-4.1.15/build/tmp/work/imx7dea_ucom-poky-linux-gnueabi/u-boot-imx/2015.04-r0/pkgdata/runtime/u-boot-imx-locale' req '/home/hernan/yocto_EA/ucom-4.1.15/build/tmp/sysroots/imx7dea-ucom/pkgdata/runtime/u-boot-imx-locale'.
path mismatch [2 links]: ino 18136074 db '/home/hernan/yocto_EA/ucom-4.1.15/build/tmp/work/imx7dea_ucom-poky-linux-gnueabi/u-boot-imx/2015.04-r0/pkgdata/runtime/u-boot-imx' req '/home/hernan/yocto_EA/ucom-4.1.15/build/tmp/sysroots/imx7dea-ucom/pkgdata/runtime/u-boot-imx'.
path mismatch [2 links]: ino 18136069 db '/home/hernan/yocto_EA/ucom-4.1.15/build/tmp/work/imx7dea_ucom-poky-linux-gnueabi/u-boot-imx/2015.04-r0/pkgdata/runtime/u-boot-imx-dev' req '/home/hernan/yocto_EA/ucom-4.1.15/build/tmp/sysroots/imx7dea-ucom/pkgdata/runtime/u-boot-imx-dev'.
path mismatch [2 links]: ino 18136072 db '/home/hernan/yocto_EA/ucom-4.1.15/build/tmp/work/imx7dea_ucom-poky-linux-gnueabi/u-boot-imx/2015.04-r0/pkgdata/runtime/u-boot-imx-doc' req '/home/hernan/yocto_EA/ucom-4.1.15/build/tmp/sysroots/imx7dea-ucom/pkgdata/runtime/u-boot-imx-doc'.
path mismatch [2 links]: ino 18136074 db '/home/hernan/yocto_EA/ucom-4.1.15/build/tmp/work/imx7dea_ucom-poky-linux-gnueabi/u-boot-imx/2015.04-r0/pkgdata/runtime/u-boot-imx' req '/home/hernan/yocto_EA/ucom-4.1.15/build/tmp/sysroots/imx7dea-ucom/pkgdata/runtime/u-boot-imx'.
path mismatch [2 links]: ino 18136073 db '/home/hernan/yocto_EA/ucom-4.1.15/build/tmp/work/imx7dea_ucom-poky-linux-gnueabi/u-boot-imx/2015.04-r0/pkgdata/runtime/u-boot-imx-locale' req '/home/hernan/yocto_EA/ucom-4.1.15/build/tmp/sysroots/imx7dea-ucom/pkgdata/runtime/u-boot-imx-locale'.
path mismatch [2 links]: ino 18136068 db '/home/hernan/yocto_EA/ucom-4.1.15/build/tmp/work/imx7dea_ucom-poky-linux-gnueabi/u-boot-imx/2015.04-r0/pkgdata/runtime/u-boot-imx-staticdev' req '/home/hernan/yocto_EA/ucom-4.1.15/build/tmp/sysroots/imx7dea-ucom/pkgdata/runtime/u-boot-imx-staticdev'.
